2026-06-25 04:51:58,803 - [INFO] - Operacao registrada com sucesso - 2026-06-25 04:51:58.798675
2026-06-25 05:08:01,005 - [INFO] - Operacao registrada com sucesso - 2026-06-25 05:08:01.001865
2026-06-25 05:08:07,527 - [INFO] - Operacao registrada com sucesso - 2026-06-25 05:08:07.522497
2026-06-25 05:08:36,099 - [INFO] - Operacao registrada com sucesso - 2026-06-25 05:08:36.095357
2026-06-25 05:08:37,854 - [INFO] - Operacao registrada com sucesso - 2026-06-25 05:08:37.850949
2026-06-25 05:21:07,399 - [INFO] - Operacao registrada com sucesso - 2026-06-25 05:21:07.387900
2026-06-25 05:21:20,330 - [INFO] - Operacao registrada com sucesso - 2026-06-25 05:21:20.324857
2026-06-25 05:21:47,263 - [INFO] - Operacao registrada com sucesso - 2026-06-25 05:21:47.259376
2026-06-25 05:21:57,852 - [INFO] - Operacao registrada com sucesso - 2026-06-25 05:21:57.847772
2026-06-25 17:43:08,259 - [ERROR] - Falha na edicao - 2
Traceback (most recent call last):
  File "/home/topaziomarcos/dev/BarguesAPP/venv/lib/python3.12/site-packages/sqlalchemy/engine/base.py", line 1817, in _execute_context
    context = constructor(
              ^^^^^^^^^^^^
  File "/home/topaziomarcos/dev/BarguesAPP/venv/lib/python3.12/site-packages/sqlalchemy/engine/default.py", line 1496, in _init_compiled
    flattened_processors[key](compiled_params[key])
  File "/home/topaziomarcos/dev/BarguesAPP/venv/lib/python3.12/site-packages/sqlalchemy/dialects/sqlite/base.py", line 1204, in process
    raise TypeError(
TypeError: SQLite DateTime type only accepts Python datetime and date objects as input.

The above exception was the direct cause of the following exception:

Traceback (most recent call last):
  File "/home/topaziomarcos/dev/BarguesAPP/crud/crud.py", line 57, in edit_operacao
    db.commit()
  File "/home/topaziomarcos/dev/BarguesAPP/venv/lib/python3.12/site-packages/sqlalchemy/orm/session.py", line 2035, in commit
    trans.commit(_to_root=True)
  File "<string>", line 2, in commit
  File "/home/topaziomarcos/dev/BarguesAPP/venv/lib/python3.12/site-packages/sqlalchemy/orm/state_changes.py", line 137, in _go
    ret_value = fn(self, *arg, **kw)
                ^^^^^^^^^^^^^^^^^^^^
  File "/home/topaziomarcos/dev/BarguesAPP/venv/lib/python3.12/site-packages/sqlalchemy/orm/session.py", line 1316, in commit
    self._prepare_impl()
  File "<string>", line 2, in _prepare_impl
  File "/home/topaziomarcos/dev/BarguesAPP/venv/lib/python3.12/site-packages/sqlalchemy/orm/state_changes.py", line 137, in _go
    ret_value = fn(self, *arg, **kw)
                ^^^^^^^^^^^^^^^^^^^^
  File "/home/topaziomarcos/dev/BarguesAPP/venv/lib/python3.12/site-packages/sqlalchemy/orm/session.py", line 1290, in _prepare_impl
    self.session.flush()
  File "/home/topaziomarcos/dev/BarguesAPP/venv/lib/python3.12/site-packages/sqlalchemy/orm/session.py", line 4353, in flush
    self._flush(objects)
  File "/home/topaziomarcos/dev/BarguesAPP/venv/lib/python3.12/site-packages/sqlalchemy/orm/session.py", line 4488, in _flush
    with util.safe_reraise():
  File "/home/topaziomarcos/dev/BarguesAPP/venv/lib/python3.12/site-packages/sqlalchemy/util/langhelpers.py", line 122, in __exit__
    raise exc_value.with_traceback(exc_tb)
  File "/home/topaziomarcos/dev/BarguesAPP/venv/lib/python3.12/site-packages/sqlalchemy/orm/session.py", line 4449, in _flush
    flush_context.execute()
  File "/home/topaziomarcos/dev/BarguesAPP/venv/lib/python3.12/site-packages/sqlalchemy/orm/unitofwork.py", line 465, in execute
    rec.execute(self)
  File "/home/topaziomarcos/dev/BarguesAPP/venv/lib/python3.12/site-packages/sqlalchemy/orm/unitofwork.py", line 641, in execute
    util.preloaded.orm_persistence.save_obj(
  File "/home/topaziomarcos/dev/BarguesAPP/venv/lib/python3.12/site-packages/sqlalchemy/orm/persistence.py", line 86, in save_obj
    _emit_update_statements(
  File "/home/topaziomarcos/dev/BarguesAPP/venv/lib/python3.12/site-packages/sqlalchemy/orm/persistence.py", line 913, in _emit_update_statements
    c = connection.execute(
        ^^^^^^^^^^^^^^^^^^^
  File "/home/topaziomarcos/dev/BarguesAPP/venv/lib/python3.12/site-packages/sqlalchemy/engine/base.py", line 1421, in execute
    return meth(
           ^^^^^
  File "/home/topaziomarcos/dev/BarguesAPP/venv/lib/python3.12/site-packages/sqlalchemy/sql/elements.py", line 526, in _execute_on_connection
    return connection._execute_clauseelement(
           ^^^^^^^^^^^^^^^^^^^^^^^^^^^^^^^^^^
  File "/home/topaziomarcos/dev/BarguesAPP/venv/lib/python3.12/site-packages/sqlalchemy/engine/base.py", line 1643, in _execute_clauseelement
    ret = self._execute_context(
          ^^^^^^^^^^^^^^^^^^^^^^
  File "/home/topaziomarcos/dev/BarguesAPP/venv/lib/python3.12/site-packages/sqlalchemy/engine/base.py", line 1823, in _execute_context
    self._handle_dbapi_exception(
  File "/home/topaziomarcos/dev/BarguesAPP/venv/lib/python3.12/site-packages/sqlalchemy/engine/base.py", line 2365, in _handle_dbapi_exception
    raise sqlalchemy_exception.with_traceback(exc_info[2]) from e
  File "/home/topaziomarcos/dev/BarguesAPP/venv/lib/python3.12/site-packages/sqlalchemy/engine/base.py", line 1817, in _execute_context
    context = constructor(
              ^^^^^^^^^^^^
  File "/home/topaziomarcos/dev/BarguesAPP/venv/lib/python3.12/site-packages/sqlalchemy/engine/default.py", line 1496, in _init_compiled
    flattened_processors[key](compiled_params[key])
  File "/home/topaziomarcos/dev/BarguesAPP/venv/lib/python3.12/site-packages/sqlalchemy/dialects/sqlite/base.py", line 1204, in process
    raise TypeError(
sqlalchemy.exc.StatementError: (builtins.TypeError) SQLite DateTime type only accepts Python datetime and date objects as input.
[SQL: UPDATE operacoes SET tipo=?, valor=?, caixa_momento=?, modificado=? WHERE operacoes.id = ?]
[parameters: [{'tipo': None, 'caixa_momento': Decimal('-28.00'), 'valor': Decimal('130'), 'modificado': <built-in method now of type object at 0xa4fd20>, 'operacoes_id': 2}]]
2026-06-25 17:49:17,497 - [INFO] - Operacao editada - 2
2026-06-25 21:20:09,625 - [ERROR] - Erro ao criar operacao - teste
Traceback (most recent call last):
  File "/home/topaziomarcos/dev/BarguesAPP/tests/test_operacoes.py", line 14, in test_create_operacoes
    operacao = create_operacoes(db=db, data=OperacaoInput(
                                            ^^^^^^^^^^^^^^
  File "/home/topaziomarcos/dev/BarguesAPP/venv/lib/python3.12/site-packages/pydantic/main.py", line 263, in __init__
    validated_self = self.__pydantic_validator__.validate_python(data, self_instance=self)
                     ^^^^^^^^^^^^^^^^^^^^^^^^^^^^^^^^^^^^^^^^^^^^^^^^^^^^^^^^^^^^^^^^^^^^^
pydantic_core._pydantic_core.ValidationError: 1 validation error for OperacaoInput
caixa_momento
  Field required [type=missing, input_value={'valor': 50, 'tipo': 'sangria'}, input_type=dict]
    For further information visit https://errors.pydantic.dev/2.13/v/missing
2026-06-25 21:24:03,952 - [INFO] - Operacao registrada com sucesso - 1
2026-06-25 21:24:37,642 - [INFO] - Operacao registrada com sucesso - 1
2026-06-25 21:26:13,306 - [INFO] - Operacao registrada com sucesso - 1
2026-06-25 21:32:49,445 - [INFO] - Operacao registrada com sucesso - 1
2026-06-25 21:34:55,661 - [INFO] - Operacao registrada com sucesso - 1
2026-06-25 21:34:55,672 - [INFO] - Operacao registrada com sucesso - 1
2026-06-25 21:39:59,628 - [INFO] - Operacao registrada com sucesso - 1
2026-06-25 21:39:59,641 - [INFO] - Operacao registrada com sucesso - 1
2026-06-25 21:39:59,655 - [INFO] - Operacao registrada com sucesso - 1
2026-06-25 21:39:59,671 - [INFO] - Operacao editada - 1
2026-06-25 21:41:41,358 - [INFO] - Operacao registrada com sucesso - 1
2026-06-25 21:41:41,378 - [INFO] - Operacao registrada com sucesso - 1
2026-06-25 21:41:41,398 - [INFO] - Operacao registrada com sucesso - 1
2026-06-25 21:41:41,405 - [INFO] - Operacao editada - ID:1
2026-06-25 21:43:07,443 - [INFO] - Operacao registrada com sucesso - ID:1
2026-06-25 21:43:07,451 - [INFO] - Operacao registrada com sucesso - ID:1
2026-06-25 21:43:07,463 - [INFO] - Operacao registrada com sucesso - ID:1
2026-06-25 21:43:54,463 - [INFO] - Operacao registrada com sucesso - ID:1
2026-06-25 21:43:54,471 - [INFO] - Operacao registrada com sucesso - ID:1
2026-06-25 21:43:54,479 - [INFO] - Operacao registrada com sucesso - ID:1
2026-06-25 21:43:54,484 - [INFO] - Operacao editada - ID:1
2026-06-25 21:44:12,641 - [INFO] - Operacao registrada com sucesso - ID:1
2026-06-25 21:44:12,651 - [INFO] - Operacao registrada com sucesso - ID:1
2026-06-25 21:44:12,658 - [INFO] - Operacao registrada com sucesso - ID:1
2026-06-25 21:44:12,663 - [INFO] - Operacao editada - ID:1
2026-06-25 22:22:14,901 - [INFO] - Operacao registrada com sucesso - ID:1
2026-06-25 22:22:14,916 - [INFO] - Operacao registrada com sucesso - ID:1
2026-06-25 22:22:14,925 - [INFO] - Operacao registrada com sucesso - ID:1
2026-06-25 22:22:14,930 - [INFO] - Operacao editada - ID:1
2026-06-25 22:23:02,220 - [INFO] - Operacao registrada com sucesso - ID:1
2026-06-25 22:23:02,234 - [INFO] - Operacao registrada com sucesso - ID:1
2026-06-25 22:23:02,245 - [INFO] - Operacao registrada com sucesso - ID:1
2026-06-25 22:23:02,250 - [INFO] - Operacao editada - ID:1
2026-06-25 22:23:19,253 - [INFO] - Operacao registrada com sucesso - ID:1
2026-06-25 22:23:19,267 - [INFO] - Operacao registrada com sucesso - ID:1
2026-06-25 22:23:19,283 - [INFO] - Operacao registrada com sucesso - ID:1
2026-06-25 22:23:19,286 - [INFO] - Operacao editada - ID:1
2026-06-25 22:28:32,243 - [INFO] - Operacao registrada com sucesso - ID:1
2026-06-25 22:28:32,257 - [INFO] - Operacao registrada com sucesso - ID:1
2026-06-25 22:28:32,277 - [INFO] - Operacao registrada com sucesso - ID:1
2026-06-25 22:28:32,286 - [INFO] - Operacao registrada com sucesso - ID:1
2026-06-25 22:28:32,290 - [INFO] - Operacao editada - ID:1
2026-06-25 22:28:48,963 - [INFO] - Operacao registrada com sucesso - ID:1
2026-06-25 22:28:48,984 - [INFO] - Operacao registrada com sucesso - ID:1
2026-06-25 22:28:48,987 - [WARNING] - Id de operacao invalido
2026-06-25 22:28:49,021 - [INFO] - Operacao registrada com sucesso - ID:1
2026-06-25 22:28:49,031 - [INFO] - Operacao registrada com sucesso - ID:1
2026-06-25 22:28:49,036 - [INFO] - Operacao editada - ID:1
2026-06-25 22:35:35,465 - [INFO] - Operacao registrada com sucesso - ID:1
2026-06-25 22:35:35,479 - [INFO] - Operacao registrada com sucesso - ID:1
2026-06-25 22:35:35,481 - [WARNING] - Id de operacao invalido. ID: 2
2026-06-25 22:35:35,523 - [INFO] - Operacao registrada com sucesso - ID:1
2026-06-25 22:35:35,540 - [INFO] - Operacao registrada com sucesso - ID:1
2026-06-25 22:35:35,545 - [INFO] - Operacao editada - ID:1
2026-06-25 22:35:42,758 - [INFO] - Operacao registrada com sucesso - ID:1
2026-06-25 22:35:42,773 - [INFO] - Operacao registrada com sucesso - ID:1
2026-06-25 22:35:42,789 - [INFO] - Operacao registrada com sucesso - ID:1
2026-06-25 22:35:42,804 - [INFO] - Operacao registrada com sucesso - ID:1
2026-06-25 22:35:42,808 - [INFO] - Operacao editada - ID:1
2026-06-25 22:41:21,903 - [WARNING] - Operacao nao encontrada
2026-06-26 03:14:41,772 - [INFO] - Operacao registrada com sucesso - ID:1
2026-06-26 03:14:41,784 - [INFO] - Operacao registrada com sucesso - ID:1
2026-06-26 03:14:41,798 - [INFO] - Operacao registrada com sucesso - ID:1
2026-06-26 03:20:44,332 - [INFO] - Operacao registrada com sucesso - ID:1
2026-06-26 03:20:44,337 - [INFO] - Operacao registrada com sucesso - ID:2
2026-06-26 03:20:58,161 - [INFO] - Operacao registrada com sucesso - ID:1
2026-06-26 03:20:58,167 - [INFO] - Operacao registrada com sucesso - ID:2
2026-06-26 03:21:23,109 - [INFO] - Operacao registrada com sucesso - ID:1
2026-06-26 03:21:47,029 - [INFO] - Operacao registrada com sucesso - ID:1
2026-06-26 03:21:55,137 - [INFO] - Operacao registrada com sucesso - ID:1
2026-06-26 03:22:18,665 - [INFO] - Operacao registrada com sucesso - ID:1
2026-06-26 03:22:18,669 - [INFO] - Correcao realizada - ID:1
2026-06-26 03:23:30,666 - [INFO] - Operacao registrada com sucesso - ID:1
2026-06-26 03:23:30,675 - [INFO] - Correcao realizada - ID:1
2026-06-26 04:09:08,168 - [INFO] - Operacao registrada com sucesso - ID:1
2026-06-26 04:09:27,807 - [INFO] - Operacao registrada com sucesso - ID:1
2026-06-26 04:09:27,817 - [INFO] - Correcao realizada - ID:1
2026-06-26 04:11:52,398 - [INFO] - Operacao registrada com sucesso - ID:1
2026-06-26 04:11:52,402 - [INFO] - Correcao realizada - ID:1
2026-06-26 04:12:30,933 - [INFO] - Operacao registrada com sucesso - ID:1
2026-06-26 04:13:49,907 - [INFO] - Operacao registrada com sucesso - ID:1
2026-06-26 04:13:49,912 - [INFO] - Correcao realizada - ID:1
2026-06-26 04:14:47,396 - [INFO] - Operacao registrada com sucesso - ID:1
2026-06-26 04:14:47,402 - [INFO] - Correcao realizada - ID:1
2026-06-26 04:16:11,643 - [INFO] - Operacao registrada com sucesso - ID:1
2026-06-26 04:16:11,648 - [INFO] - Correcao realizada - ID:1
2026-06-26 04:17:09,667 - [INFO] - Operacao registrada com sucesso - ID:1
2026-06-26 04:17:09,676 - [INFO] - Correcao realizada - ID:1
2026-06-26 04:17:38,814 - [INFO] - Operacao registrada com sucesso - ID:1
2026-06-26 04:17:38,823 - [INFO] - Correcao realizada - ID:1
2026-06-26 04:20:09,225 - [INFO] - Operacao registrada com sucesso - ID:1
2026-06-26 04:20:09,230 - [INFO] - Correcao realizada - ID:1
2026-06-26 04:21:52,957 - [INFO] - Operacao registrada com sucesso - ID:1
2026-06-26 04:21:52,962 - [INFO] - Correcao realizada - ID:1
2026-06-26 04:22:19,771 - [INFO] - Operacao registrada com sucesso - ID:1
2026-06-26 04:22:19,777 - [INFO] - Correcao realizada - ID:1
2026-06-26 04:22:27,597 - [INFO] - Operacao registrada com sucesso - ID:1
2026-06-26 04:22:27,601 - [INFO] - Correcao realizada - ID:1
2026-06-26 04:22:33,038 - [INFO] - Operacao registrada com sucesso - ID:1
2026-06-26 04:22:33,042 - [INFO] - Correcao realizada - ID:1
2026-06-26 04:22:59,631 - [INFO] - Operacao registrada com sucesso - ID:1
2026-06-26 04:22:59,635 - [INFO] - Correcao realizada - ID:1
